<?xml version="1.0" encoding="UTF-8"?>
<testng-results ignored="0" total="2" passed="2" failed="0" skipped="0">
  <reporter-output>
  </reporter-output>
  <suite started-at="2021-02-17T11:13:36 CET" name="Suite" finished-at="2021-02-17T11:15:15 CET" duration-ms="98940">
    <groups>
    </groups>
    <test started-at="2021-02-17T11:13:36 CET" name="Test" finished-at="2021-02-17T11:15:15 CET" duration-ms="98940">
      <class name="practice.AppiumFramework.ecomerce_tc_4">
        <test-method is-config="true" signature="killAllNodes()[pri:0, instance:practice.AppiumFramework.ecomerce_tc_4@14d3bc22]" started-at="2021-02-17T11:13:36 CET" name="killAllNodes" finished-at="2021-02-17T11:13:39 CET" duration-ms="3037" status="PASS">
          <reporter-output>
          </reporter-output>
        </test-method> <!-- killAllNodes -->
        <test-method signature="totalValidation(java.lang.String)[pri:0, instance:practice.AppiumFramework.ecomerce_tc_4@14d3bc22]" started-at="2021-02-17T11:13:39 CET" name="totalValidation" data-provider="InputData" finished-at="2021-02-17T11:14:23 CET" duration-ms="44625" status="PASS">
          <params>
            <param index="0">
              <value>
                <![CDATA[hello]]>
              </value>
            </param>
          </params>
          <reporter-output>
          </reporter-output>
        </test-method> <!-- totalValidation -->
        <test-method signature="totalValidation(java.lang.String)[pri:0, instance:practice.AppiumFramework.ecomerce_tc_4@14d3bc22]" started-at="2021-02-17T11:14:23 CET" name="totalValidation" data-provider="InputData" finished-at="2021-02-17T11:15:15 CET" duration-ms="51199" status="PASS">
          <params>
            <param index="0">
              <value>
                <![CDATA[!@@#$$]]>
              </value>
            </param>
          </params>
          <reporter-output>
          </reporter-output>
        </test-method> <!-- totalValidation -->
      </class> <!-- practice.AppiumFramework.ecomerce_tc_4 -->
    </test> <!-- Test -->
  </suite> <!-- Suite -->
</testng-results>
