<?xml version="1.0" encoding="UTF-8"?>
<testng-results ignored="0" total="2" passed="2" failed="0" skipped="0">
  <reporter-output>
  </reporter-output>
  <suite started-at="2021-02-17T10:42:23 CET" name="Suite" finished-at="2021-02-17T10:43:43 CET" duration-ms="80010">
    <groups>
    </groups>
    <test started-at="2021-02-17T10:42:23 CET" name="Test" finished-at="2021-02-17T10:43:43 CET" duration-ms="80010">
      <class name="practice.AppiumFramework.ecomerce_tc_4">
        <test-method is-config="true" signature="killAllNodes()[pri:0, instance:practice.AppiumFramework.ecomerce_tc_4@130161f7]" started-at="2021-02-17T10:42:23 CET" name="killAllNodes" finished-at="2021-02-17T10:42:26 CET" duration-ms="3031" status="PASS">
          <reporter-output>
          </reporter-output>
        </test-method> <!-- killAllNodes -->
        <test-method signature="totalValidation(java.lang.String)[pri:0, instance:practice.AppiumFramework.ecomerce_tc_4@130161f7]" started-at="2021-02-17T10:42:26 CET" name="totalValidation" data-provider="InputData" finished-at="2021-02-17T10:43:05 CET" duration-ms="39358" status="PASS">
          <params>
            <param index="0">
              <value>
                <![CDATA[hello]]>
              </value>
            </param>
          </params>
          <reporter-output>
          </reporter-output>
        </test-method> <!-- totalValidation -->
        <test-method signature="totalValidation(java.lang.String)[pri:0, instance:practice.AppiumFramework.ecomerce_tc_4@130161f7]" started-at="2021-02-17T10:43:05 CET" name="totalValidation" data-provider="InputData" finished-at="2021-02-17T10:43:43 CET" duration-ms="37480" status="PASS">
          <params>
            <param index="0">
              <value>
                <![CDATA[!@@#$$]]>
              </value>
            </param>
          </params>
          <reporter-output>
          </reporter-output>
        </test-method> <!-- totalValidation -->
      </class> <!-- practice.AppiumFramework.ecomerce_tc_4 -->
    </test> <!-- Test -->
  </suite> <!-- Suite -->
</testng-results>
